{
  "RSpec": {
    "coverage": {
      "/Users/george/code/Wigwamwam/bank_api/spec/support/factory_bot.rb": {
        "lines": [
          null,
          null,
          1,
          null,
          1,
          1,
          null
        ]
      },
      "/Users/george/code/Wigwamwam/bank_api/spec/support/api_helper.rb": {
        "lines": [
          null,
          null,
          1,
          1,
          10,
          null,
          null
        ]
      },
      "/Users/george/code/Wigwamwam/bank_api/spec/support/database_cleaner_spec.rb": {
        "lines": [
          null,
          null,
          null,
          1,
          1,
          1,
          null,
          null,
          1,
          25,
          null,
          null,
          1,
          0,
          null,
          null,
          1,
          25,
          null,
          null,
          1,
          25,
          null,
          null,
          null
        ]
      },
      "/Users/george/code/Wigwamwam/bank_api/config/environment.rb": {
        "lines": [
          null,
          null,
          null,
          1,
          null,
          null,
          1
        ]
      },
      "/Users/george/code/Wigwamwam/bank_api/config/application.rb": {
        "lines": [
          null,
          null,
          1,
          null,
          1,
          null,
          null,
          null,
          1,
          null,
          1,
          1,
          null,
          1,
          null,
          null,
          1,
          4,
          3,
          null,
          null,
          null,
          null,
          null,
          null,
          null,
          null,
          null,
          null,
          null,
          null,
          null,
          1,
          null,
          null
        ]
      },
      "/Users/george/code/Wigwamwam/bank_api/config/boot.rb": {
        "lines": [
          null,
          null,
          1,
          null,
          1,
          1
        ]
      },
      "/Users/george/code/Wigwamwam/bank_api/config/environments/test.rb": {
        "lines": [
          null,
          null,
          1,
          null,
          null,
          null,
          null,
          null,
          null,
          1,
          null,
          null,
          null,
          1,
          null,
          null,
          null,
          null,
          1,
          null,
          null,
          1,
          1,
          null,
          null,
          null,
          null,
          1,
          1,
          1,
          null,
          null,
          1,
          null,
          null,
          1,
          null,
          null,
          1,
          null,
          1,
          null,
          null,
          null,
          null,
          1,
          null,
          null,
          1,
          null,
          null,
          1,
          null,
          null,
          1,
          null,
          null,
          null,
          null,
          null,
          null,
          null
        ]
      },
      "/Users/george/code/Wigwamwam/bank_api/config/initializers/cors.rb": {
        "lines": [
          null,
          null,
          null,
          null,
          null,
          null,
          null,
          null,
          null,
          null,
          null,
          null,
          null,
          null,
          null,
          null,
          null
        ]
      },
      "/Users/george/code/Wigwamwam/bank_api/config/initializers/filter_parameter_logging.rb": {
        "lines": [
          null,
          null,
          null,
          null,
          null,
          null,
          null,
          1,
          null,
          null
        ]
      },
      "/Users/george/code/Wigwamwam/bank_api/config/initializers/inflections.rb": {
        "lines": [
          null,
          null,
          null,
          null,
          null,
          null,
          null,
          null,
          null,
          null,
          null,
          null,
          null,
          null,
          null,
          null,
          null
        ]
      },
      "/Users/george/code/Wigwamwam/bank_api/spec/factories/bank_account.rb": {
        "lines": [
          null,
          null,
          1,
          null,
          1,
          1,
          13,
          13,
          13,
          null,
          null
        ]
      },
      "/Users/george/code/Wigwamwam/bank_api/config/routes.rb": {
        "lines": [
          null,
          null,
          1,
          null,
          1,
          1,
          null,
          null,
          null,
          null
        ]
      },
      "/Users/george/code/Wigwamwam/bank_api/app/models/bank_account.rb": {
        "lines": [
          null,
          null,
          1,
          1,
          1,
          1,
          1,
          null,
          null,
          null,
          1,
          null,
          null,
          null,
          null
        ]
      },
      "/Users/george/code/Wigwamwam/bank_api/app/models/application_record.rb": {
        "lines": [
          null,
          null,
          1,
          1,
          null
        ]
      },
      "/Users/george/code/Wigwamwam/bank_api/spec/requests/v1/bank_accounts_spec.rb": {
        "lines": [
          null,
          null,
          1,
          null,
          1,
          3,
          null,
          1,
          7,
          null,
          1,
          3,
          null,
          1,
          1,
          1,
          null,
          null,
          2,
          null,
          null,
          1,
          3,
          null,
          3,
          null,
          1,
          1,
          1,
          null,
          null,
          2,
          null,
          null,
          1,
          3,
          null,
          3,
          null,
          1,
          1,
          1,
          null,
          null,
          2,
          null,
          null,
          1,
          1,
          1,
          1,
          1,
          null,
          null,
          null,
          null,
          1,
          5,
          null,
          1,
          3,
          null,
          1,
          1,
          1,
          1,
          null,
          null,
          2,
          null,
          null,
          1,
          1,
          4,
          null,
          null,
          null,
          1,
          1,
          null,
          null,
          1,
          1,
          null,
          null,
          null,
          null,
          null,
          null,
          1,
          1,
          1,
          1,
          1,
          null,
          null,
          null,
          1,
          1,
          1,
          1,
          1,
          null,
          null,
          null,
          null,
          null,
          null,
          null,
          1,
          1,
          2,
          null,
          1,
          1,
          null,
          null,
          null,
          1,
          1,
          1,
          1,
          null,
          null,
          1,
          1,
          1,
          1,
          null,
          null,
          null,
          null
        ]
      },
      "/Users/george/code/Wigwamwam/bank_api/spec/serializers/bank_account_serializer_spec.rb": {
        "lines": [
          null,
          null,
          1,
          null,
          1,
          3,
          null,
          3,
          null,
          2,
          null,
          1,
          1,
          1,
          1,
          null,
          null
        ]
      },
      "/Users/george/code/Wigwamwam/bank_api/app/serializers/bank_account_serializer.rb": {
        "lines": [
          null,
          null,
          1,
          1,
          null
        ]
      },
      "/Users/george/code/Wigwamwam/bank_api/app/controllers/v1/bank_accounts_controller.rb": {
        "lines": [
          null,
          null,
          1,
          1,
          1,
          null,
          1,
          7,
          6,
          null,
          null,
          1,
          8,
          6,
          2,
          null,
          4,
          null,
          null,
          null,
          1,
          null,
          1,
          1,
          null,
          null,
          1,
          null,
          1,
          8,
          null,
          null,
          1,
          3,
          null,
          null,
          null
        ]
      },
      "/Users/george/code/Wigwamwam/bank_api/app/controllers/application_controller.rb": {
        "lines": [
          null,
          null,
          1,
          1,
          1,
          null,
          1,
          4,
          null,
          null,
          1,
          1,
          null,
          null,
          1,
          4,
          null,
          null,
          null,
          1,
          4,
          4,
          null,
          null,
          null
        ]
      }
    },
    "timestamp": 1667149451
  }
}
